16:21:15 **** Clean-only build of configuration Debug for project L3GD20H ****
make clean 
rm -rf  ./scr/L3GD20H.o  ./scr/L3GD20H.d  L3GD20H
 
16:21:48 **** Build of configuration Debug for project L3GD20H ****
make all 
Building file: ../scr/L3GD20H.c
Invoking: Cross GCC Compiler
arm-buildroot-linux-uclibcgnueabihf-gcc -I/home/cgonzalezbrito/BeagleBone/buildroot-2016.05/output/host/usr/include -O0 -g3 -Wall -c -fmessage-length=0 -MMD -MP -MF"scr/L3GD20H.d" -MT"scr/L3GD20H.d" -o "scr/L3GD20H.o" "../scr/L3GD20H.c"
Finished building: ../scr/L3GD20H.c
 
Building target: L3GD20H
Invoking: Cross GCC Linker
arm-buildroot-linux-uclibcgnueabihf-gcc -L/home/cgonzalezbrito/BeagleBone/buildroot-2016.05/output/host/usr/lib -L/home/cgonzalezbrito/BeagleBone/buildroot-2016.05/output/host/usr/arm-buildroot-linux-uclibcgnueabihf/lib -o "L3GD20H"  ./scr/L3GD20H.o   
Finished building target: L3GD20H
 
16:21:48 **** Incremental Build of configuration Debug for project TCS34725 ****
make all 
make: Nothing to be done for 'all'.
16:22:02 **** Incremental Build of configuration Debug for project L3GD20H ****
make all 
Building file: ../scr/L3GD20H.c
Invoking: Cross GCC Compiler
arm-buildroot-linux-uclibcgnueabihf-gcc -I/home/cgonzalezbrito/BeagleBone/buildroot-2016.05/output/host/usr/include -O0 -g3 -Wall -c -fmessage-length=0 -MMD -MP -MF"scr/L3GD20H.d" -MT"scr/L3GD20H.d" -o "scr/L3GD20H.o" "../scr/L3GD20H.c"
Finished building: ../scr/L3GD20H.c
 
Building target: L3GD20H
Invoking: Cross GCC Linker
arm-buildroot-linux-uclibcgnueabihf-gcc -L/home/cgonzalezbrito/BeagleBone/buildroot-2016.05/output/host/usr/lib -L/home/cgonzalezbrito/BeagleBone/buildroot-2016.05/output/host/usr/arm-buildroot-linux-uclibcgnueabihf/lib -o "L3GD20H"  ./scr/L3GD20H.o   
Finished building target: L3GD20H
 
16:22:02 **** Incremental Build of configuration Debug for project TCS34725 ****
make all 
make: Nothing to be done for 'all'.
16:49:07 **** Incremental Build of configuration Debug for project L3GD20H ****
make all 
Building file: ../scr/L3GD20H.c
Invoking: Cross GCC Compiler
arm-buildroot-linux-uclibcgnueabihf-gcc -I/home/cgonzalezbrito/BeagleBone/buildroot-2016.05/output/host/usr/include -O0 -g3 -Wall -c -fmessage-length=0 -MMD -MP -MF"scr/L3GD20H.d" -MT"scr/L3GD20H.d" -o "scr/L3GD20H.o" "../scr/L3GD20H.c"
Finished building: ../scr/L3GD20H.c
 
Building target: L3GD20H
Invoking: Cross GCC Linker
arm-buildroot-linux-uclibcgnueabihf-gcc -L/home/cgonzalezbrito/BeagleBone/buildroot-2016.05/output/host/usr/lib -L/home/cgonzalezbrito/BeagleBone/buildroot-2016.05/output/host/usr/arm-buildroot-linux-uclibcgnueabihf/lib -o "L3GD20H"  ./scr/L3GD20H.o   
Finished building target: L3GD20H
 
16:49:08 **** Incremental Build of configuration Debug for project TCS34725 ****
make all 
make: Nothing to be done for 'all'.
16:50:56 **** Incremental Build of configuration Debug for project L3GD20H ****
make all 
Building file: ../scr/L3GD20H.c
Invoking: Cross GCC Compiler
arm-buildroot-linux-uclibcgnueabihf-gcc -I/home/cgonzalezbrito/BeagleBone/buildroot-2016.05/output/host/usr/include -O0 -g3 -Wall -c -fmessage-length=0 -MMD -MP -MF"scr/L3GD20H.d" -MT"scr/L3GD20H.d" -o "scr/L3GD20H.o" "../scr/L3GD20H.c"
Finished building: ../scr/L3GD20H.c
 
Building target: L3GD20H
Invoking: Cross GCC Linker
arm-buildroot-linux-uclibcgnueabihf-gcc -L/home/cgonzalezbrito/BeagleBone/buildroot-2016.05/output/host/usr/lib -L/home/cgonzalezbrito/BeagleBone/buildroot-2016.05/output/host/usr/arm-buildroot-linux-uclibcgnueabihf/lib -o "L3GD20H"  ./scr/L3GD20H.o   
Finished building target: L3GD20H
 
16:50:57 **** Incremental Build of configuration Debug for project TCS34725 ****
make all 
make: Nothing to be done for 'all'.
17:03:21 **** Incremental Build of configuration Debug for project L3GD20H ****
make all 
Building file: ../scr/L3GD20H.c
Invoking: Cross GCC Compiler
arm-buildroot-linux-uclibcgnueabihf-gcc -I/home/cgonzalezbrito/BeagleBone/buildroot-2016.05/output/host/usr/include -O0 -g3 -Wall -c -fmessage-length=0 -MMD -MP -MF"scr/L3GD20H.d" -MT"scr/L3GD20H.d" -o "scr/L3GD20H.o" "../scr/L3GD20H.c"
Finished building: ../scr/L3GD20H.c
 
Building target: L3GD20H
Invoking: Cross GCC Linker
arm-buildroot-linux-uclibcgnueabihf-gcc -L/home/cgonzalezbrito/BeagleBone/buildroot-2016.05/output/host/usr/lib -L/home/cgonzalezbrito/BeagleBone/buildroot-2016.05/output/host/usr/arm-buildroot-linux-uclibcgnueabihf/lib -o "L3GD20H"  ./scr/L3GD20H.o   
Finished building target: L3GD20H
 
17:03:22 **** Incremental Build of configuration Debug for project TCS34725 ****
make all 
make: Nothing to be done for 'all'.
17:04:43 **** Incremental Build of configuration Debug for project L3GD20H ****
make all 
Building file: ../scr/L3GD20H.c
Invoking: Cross GCC Compiler
arm-buildroot-linux-uclibcgnueabihf-gcc -I/home/cgonzalezbrito/BeagleBone/buildroot-2016.05/output/host/usr/include -O0 -g3 -Wall -c -fmessage-length=0 -MMD -MP -MF"scr/L3GD20H.d" -MT"scr/L3GD20H.d" -o "scr/L3GD20H.o" "../scr/L3GD20H.c"
Finished building: ../scr/L3GD20H.c
 
Building target: L3GD20H
Invoking: Cross GCC Linker
arm-buildroot-linux-uclibcgnueabihf-gcc -L/home/cgonzalezbrito/BeagleBone/buildroot-2016.05/output/host/usr/lib -L/home/cgonzalezbrito/BeagleBone/buildroot-2016.05/output/host/usr/arm-buildroot-linux-uclibcgnueabihf/lib -o "L3GD20H"  ./scr/L3GD20H.o   
Finished building target: L3GD20H
 
17:04:44 **** Incremental Build of configuration Debug for project TCS34725 ****
make all 
make: Nothing to be done for 'all'.
17:05:19 **** Incremental Build of configuration Debug for project L3GD20H ****
make all 
Building file: ../scr/L3GD20H.c
Invoking: Cross GCC Compiler
arm-buildroot-linux-uclibcgnueabihf-gcc -I/home/cgonzalezbrito/BeagleBone/buildroot-2016.05/output/host/usr/include -O0 -g3 -Wall -c -fmessage-length=0 -MMD -MP -MF"scr/L3GD20H.d" -MT"scr/L3GD20H.d" -o "scr/L3GD20H.o" "../scr/L3GD20H.c"
Finished building: ../scr/L3GD20H.c
 
Building target: L3GD20H
Invoking: Cross GCC Linker
arm-buildroot-linux-uclibcgnueabihf-gcc -L/home/cgonzalezbrito/BeagleBone/buildroot-2016.05/output/host/usr/lib -L/home/cgonzalezbrito/BeagleBone/buildroot-2016.05/output/host/usr/arm-buildroot-linux-uclibcgnueabihf/lib -o "L3GD20H"  ./scr/L3GD20H.o   
Finished building target: L3GD20H
 
17:05:20 **** Incremental Build of configuration Debug for project TCS34725 ****
make all 
make: Nothing to be done for 'all'.
18:34:46 **** Build of configuration Debug for project Copy of TCS34725 ****
make all 
Building file: ../src/TCS34725.c
Invoking: Cross GCC Compiler
arm-buildroot-linux-uclibcgnueabihf-gcc -I/home/cgonzalezbrito/BeagleBone/buildroot-2016.05/output/host/usr/include -O0 -g3 -Wall -c -fmessage-length=0 -MMD -MP -MF"src/TCS34725.d" -MT"src/TCS34725.d" -o "src/TCS34725.o" "../src/TCS34725.c"
../src/TCS34725.c: In function ‘main’:
../src/TCS34725.c:124:102: error: ‘CiE’ undeclared (first use in this function)
src/subdir.mk:18: recipe for target 'src/TCS34725.o' failed
   printf("Enviroment Values:\nClear Data: 0x%X\nRed Data: 0x%X\nGreen Data: 0x%X\nBlue Data: 0x%X\n",CiE,RiE,GiE,BiE);
                                                                                                      ^
../src/TCS34725.c:124:102: note: each undeclared identifier is reported only once for each function it appears in
../src/TCS34725.c:124:106: error: ‘RiE’ undeclared (first use in this function)
   printf("Enviroment Values:\nClear Data: 0x%X\nRed Data: 0x%X\nGreen Data: 0x%X\nBlue Data: 0x%X\n",CiE,RiE,GiE,BiE);
                                                                                                          ^
../src/TCS34725.c:124:110: error: ‘GiE’ undeclared (first use in this function)
   printf("Enviroment Values:\nClear Data: 0x%X\nRed Data: 0x%X\nGreen Data: 0x%X\nBlue Data: 0x%X\n",CiE,RiE,GiE,BiE);
                                                                                                              ^
../src/TCS34725.c:124:114: error: ‘BiE’ undeclared (first use in this function)
   printf("Enviroment Values:\nClear Data: 0x%X\nRed Data: 0x%X\nGreen Data: 0x%X\nBlue Data: 0x%X\n",CiE,RiE,GiE,BiE);
                                                                                                                  ^
../src/TCS34725.c:126:28: warning: variable ‘B’ set but not used [-Wunused-but-set-variable]
   int C; int R; int G; int B;
                            ^
../src/TCS34725.c:126:21: warning: variable ‘G’ set but not used [-Wunused-but-set-variable]
   int C; int R; int G; int B;
                     ^
../src/TCS34725.c:126:14: warning: variable ‘R’ set but not used [-Wunused-but-set-variable]
   int C; int R; int G; int B;
              ^
make: *** [src/TCS34725.o] Error 1
18:34:47 **** Incremental Build of configuration Debug for project L3GD20H ****
make all 
make: Nothing to be done for 'all'.
18:34:47 **** Incremental Build of configuration Debug for project TCS34725 ****
make all 
make: Nothing to be done for 'all'.
18:34:57 **** Incremental Build of configuration Debug for project Copy of TCS34725 ****
make all 
Building file: ../src/TCS34725.c
Invoking: Cross GCC Compiler
arm-buildroot-linux-uclibcgnueabihf-gcc -I/home/cgonzalezbrito/BeagleBone/buildroot-2016.05/output/host/usr/include -O0 -g3 -Wall -c -fmessage-length=0 -MMD -MP -MF"src/TCS34725.d" -MT"src/TCS34725.d" -o "src/TCS34725.o" "../src/TCS34725.c"
../src/TCS34725.c: In function ‘main’:
../src/TCS34725.c:126:28: warning: variable ‘B’ set but not used [-Wunused-but-set-variable]
   int C; int R; int G; int B;
                            ^
../src/TCS34725.c:126:21: warning: variable ‘G’ set but not used [-Wunused-but-set-variable]
   int C; int R; int G; int B;
                     ^
../src/TCS34725.c:126:14: warning: variable ‘R’ set but not used [-Wunused-but-set-variable]
   int C; int R; int G; int B;
              ^
Finished building: ../src/TCS34725.c
 
Building target: Copy of TCS34725
Invoking: Cross GCC Linker
arm-buildroot-linux-uclibcgnueabihf-gcc -L/home/cgonzalezbrito/BeagleBone/buildroot-2016.05/output/host/usr/lib -L/home/cgonzalezbrito/BeagleBone/buildroot-2016.05/output/host/usr/arm-buildroot-linux-uclibcgnueabihf/lib -o "Copy of TCS34725"  ./src/TCS34725.o   
Finished building target: Copy of TCS34725
 
18:34:57 **** Incremental Build of configuration Debug for project L3GD20H ****
make all 
make: Nothing to be done for 'all'.
18:34:58 **** Incremental Build of configuration Debug for project TCS34725 ****
make all 
make: Nothing to be done for 'all'.
19:24:30 **** Incremental Build of configuration Debug for project Copy of TCS34725 ****
make all 
make: Nothing to be done for 'all'.
19:24:31 **** Incremental Build of configuration Debug for project L3GD20H ****
make all 
make: Nothing to be done for 'all'.
19:24:31 **** Incremental Build of configuration Debug for project TCS34725 ****
make all 
make: Nothing to be done for 'all'.
19:25:00 **** Incremental Build of configuration Debug for project Copy of TCS34725 ****
make all 
Building target: Copy of TCS34725
Invoking: Cross GCC Linker
arm-buildroot-linux-uclibcgnueabihf-gcc -L/home/cgonzalezbrito/BeagleBone/buildroot-2016.05/output/host/usr/lib -L/home/cgonzalezbrito/BeagleBone/buildroot-2016.05/output/host/usr/arm-buildroot-linux-uclibcgnueabihf/lib -o "Copy of TCS34725"  ./src/TCS34725.o   
Finished building target: Copy of TCS34725
 
19:25:00 **** Incremental Build of configuration Debug for project L3GD20H ****
make all 
make: Nothing to be done for 'all'.
19:25:01 **** Incremental Build of configuration Debug for project TCS34725 ****
make all 
make: Nothing to be done for 'all'.
19:27:34 **** Incremental Build of configuration Debug for project Copy of TCS34725 ****
make all 
Building file: ../src/TCS34725.c
Invoking: Cross GCC Compiler
arm-buildroot-linux-uclibcgnueabihf-gcc -I/home/cgonzalezbrito/BeagleBone/buildroot-2016.05/output/host/usr/include -O0 -g3 -Wall -c -fmessage-length=0 -MMD -MP -MF"src/TCS34725.d" -MT"src/TCS34725.d" -o "src/TCS34725.o" "../src/TCS34725.c"
../src/TCS34725.c: In function ‘main’:
../src/TCS34725.c:126:28: warning: unused variable ‘B’ [-Wunused-variable]
   int C; int R; int G; int B;
                            ^
../src/TCS34725.c:126:21: warning: unused variable ‘G’ [-Wunused-variable]
   int C; int R; int G; int B;
                     ^
../src/TCS34725.c:126:14: warning: unused variable ‘R’ [-Wunused-variable]
   int C; int R; int G; int B;
              ^
Finished building: ../src/TCS34725.c
 
Building target: Copy of TCS34725
Invoking: Cross GCC Linker
arm-buildroot-linux-uclibcgnueabihf-gcc -L/home/cgonzalezbrito/BeagleBone/buildroot-2016.05/output/host/usr/lib -L/home/cgonzalezbrito/BeagleBone/buildroot-2016.05/output/host/usr/arm-buildroot-linux-uclibcgnueabihf/lib -o "Copy of TCS34725"  ./src/TCS34725.o   
Finished building target: Copy of TCS34725
 
19:27:35 **** Incremental Build of configuration Debug for project L3GD20H ****
make all 
make: Nothing to be done for 'all'.
19:27:35 **** Incremental Build of configuration Debug for project TCS34725 ****
make all 
make: Nothing to be done for 'all'.
19:27:46 **** Incremental Build of configuration Debug for project Copy of TCS34725 ****
make all 
Building file: ../src/TCS34725.c
Invoking: Cross GCC Compiler
arm-buildroot-linux-uclibcgnueabihf-gcc -I/home/cgonzalezbrito/BeagleBone/buildroot-2016.05/output/host/usr/include -O0 -g3 -Wall -c -fmessage-length=0 -MMD -MP -MF"src/TCS34725.d" -MT"src/TCS34725.d" -o "src/TCS34725.o" "../src/TCS34725.c"
../src/TCS34725.c: In function ‘main’:
../src/TCS34725.c:126:28: warning: unused variable ‘B’ [-Wunused-variable]
   int C; int R; int G; int B;
                            ^
../src/TCS34725.c:126:21: warning: unused variable ‘G’ [-Wunused-variable]
   int C; int R; int G; int B;
                     ^
../src/TCS34725.c:126:14: warning: unused variable ‘R’ [-Wunused-variable]
   int C; int R; int G; int B;
              ^
Finished building: ../src/TCS34725.c
 
Building target: Copy of TCS34725
Invoking: Cross GCC Linker
arm-buildroot-linux-uclibcgnueabihf-gcc -L/home/cgonzalezbrito/BeagleBone/buildroot-2016.05/output/host/usr/lib -L/home/cgonzalezbrito/BeagleBone/buildroot-2016.05/output/host/usr/arm-buildroot-linux-uclibcgnueabihf/lib -o "Copy of TCS34725"  ./src/TCS34725.o   
Finished building target: Copy of TCS34725
 
19:27:46 **** Incremental Build of configuration Debug for project L3GD20H ****
make all 
make: Nothing to be done for 'all'.
19:27:47 **** Incremental Build of configuration Debug for project TCS34725 ****
make all 
make: Nothing to be done for 'all'.
19:28:49 **** Incremental Build of configuration Debug for project Copy of TCS34725 ****
make all 
Building file: ../src/TCS34725.c
Invoking: Cross GCC Compiler
arm-buildroot-linux-uclibcgnueabihf-gcc -I/home/cgonzalezbrito/BeagleBone/buildroot-2016.05/output/host/usr/include -O0 -g3 -Wall -c -fmessage-length=0 -MMD -MP -MF"src/TCS34725.d" -MT"src/TCS34725.d" -o "src/TCS34725.o" "../src/TCS34725.c"
Finished building: ../src/TCS34725.c
 
Building target: Copy of TCS34725
Invoking: Cross GCC Linker
arm-buildroot-linux-uclibcgnueabihf-gcc -L/home/cgonzalezbrito/BeagleBone/buildroot-2016.05/output/host/usr/lib -L/home/cgonzalezbrito/BeagleBone/buildroot-2016.05/output/host/usr/arm-buildroot-linux-uclibcgnueabihf/lib -o "Copy of TCS34725"  ./src/TCS34725.o   
Finished building target: Copy of TCS34725
 
19:28:50 **** Incremental Build of configuration Debug for project L3GD20H ****
make all 
make: Nothing to be done for 'all'.
19:28:50 **** Incremental Build of configuration Debug for project TCS34725 ****
make all 
make: Nothing to be done for 'all'.
19:29:03 **** Incremental Build of configuration Debug for project Copy of TCS34725 ****
make all 
Building file: ../src/TCS34725.c
Invoking: Cross GCC Compiler
arm-buildroot-linux-uclibcgnueabihf-gcc -I/home/cgonzalezbrito/BeagleBone/buildroot-2016.05/output/host/usr/include -O0 -g3 -Wall -c -fmessage-length=0 -MMD -MP -MF"src/TCS34725.d" -MT"src/TCS34725.d" -o "src/TCS34725.o" "../src/TCS34725.c"
Finished building: ../src/TCS34725.c
 
Building target: Copy of TCS34725
Invoking: Cross GCC Linker
arm-buildroot-linux-uclibcgnueabihf-gcc -L/home/cgonzalezbrito/BeagleBone/buildroot-2016.05/output/host/usr/lib -L/home/cgonzalezbrito/BeagleBone/buildroot-2016.05/output/host/usr/arm-buildroot-linux-uclibcgnueabihf/lib -o "Copy of TCS34725"  ./src/TCS34725.o   
Finished building target: Copy of TCS34725
 
19:29:04 **** Incremental Build of configuration Debug for project L3GD20H ****
make all 
make: Nothing to be done for 'all'.
19:29:04 **** Incremental Build of configuration Debug for project TCS34725 ****
make all 
make: Nothing to be done for 'all'.
19:29:37 **** Incremental Build of configuration Debug for project Copy of TCS34725 ****
make all 
make: Nothing to be done for 'all'.
19:29:37 **** Incremental Build of configuration Debug for project L3GD20H ****
make all 
make: Nothing to be done for 'all'.
19:29:38 **** Incremental Build of configuration Debug for project TCS34725 ****
make all 
make: Nothing to be done for 'all'.
19:29:43 **** Incremental Build of configuration Debug for project Copy of TCS34725 ****
make all 
Building file: ../src/TCS34725.c
Invoking: Cross GCC Compiler
arm-buildroot-linux-uclibcgnueabihf-gcc -I/home/cgonzalezbrito/BeagleBone/buildroot-2016.05/output/host/usr/include -O0 -g3 -Wall -c -fmessage-length=0 -MMD -MP -MF"src/TCS34725.d" -MT"src/TCS34725.d" -o "src/TCS34725.o" "../src/TCS34725.c"
Finished building: ../src/TCS34725.c
 
Building target: Copy of TCS34725
Invoking: Cross GCC Linker
arm-buildroot-linux-uclibcgnueabihf-gcc -L/home/cgonzalezbrito/BeagleBone/buildroot-2016.05/output/host/usr/lib -L/home/cgonzalezbrito/BeagleBone/buildroot-2016.05/output/host/usr/arm-buildroot-linux-uclibcgnueabihf/lib -o "Copy of TCS34725"  ./src/TCS34725.o   
Finished building target: Copy of TCS34725
 
19:29:43 **** Incremental Build of configuration Debug for project L3GD20H ****
make all 
make: Nothing to be done for 'all'.
19:29:44 **** Incremental Build of configuration Debug for project TCS34725 ****
make all 
make: Nothing to be done for 'all'.
19:40:46 **** Incremental Build of configuration Debug for project Copy of TCS34725 ****
make all 
make: Nothing to be done for 'all'.
19:40:47 **** Incremental Build of configuration Debug for project L3GD20H ****
make all 
make: Nothing to be done for 'all'.
19:40:47 **** Incremental Build of configuration Debug for project TCS34725 ****
make all 
make: Nothing to be done for 'all'.
